<?xml version="1.0" encoding="UTF-8"?>
<!-- Generated by org.testng.reporters.JUnitReportReporter -->
<testsuite hostname="ASUVANAM-LAP" failures="0" tests="1" name="ContentModelsValidation.ContentValidation" time="12209.060" errors="0" timestamp="2021-01-19T09:34:21 IST" skipped="0">
  <testcase classname="ContentModelsValidation.ContentValidation" name="ContentValidations" time="12209.060"/>
  <system-out/>
</testsuite> <!-- ContentModelsValidation.ContentValidation -->
